"mean" "sd" "2.5%" "25%" "50%" "75%" "97.5%" "Rhat" "n.eff"
"trib_mu.P" -2.803 0.601 -3.807 -2.986 -2.803 -2.616 -1.795 1.04 1100
"trib_sd.P" 0.695 0.831 0.207 0.335 0.478 0.739 2.726 1.002 2800
"flow_mu.P" -0.14 0.079 -0.286 -0.172 -0.14 -0.106 0.005 1.004 1900
"flow_sd.P" 0.09 0.11 0.022 0.04 0.061 0.101 0.347 1.001 3000
"pro_sd.P" 0.539 0.021 0.498 0.525 0.539 0.553 0.581 1.001 3000
"b0_pCap[1]" -2.989 0.054 -3.098 -3.025 -2.988 -2.953 -2.884 1.004 590
"b0_pCap[2]" -3.073 0.04 -3.149 -3.1 -3.073 -3.046 -2.994 1.001 3000
"b0_pCap[3]" -2.349 0.049 -2.443 -2.382 -2.349 -2.316 -2.25 1.003 820
"b0_pCap[4]" -2.812 1.425 -4.906 -3.195 -2.815 -2.453 -0.845 1.044 3000
"b0_pCap[5]" -2.822 1.073 -4.822 -3.189 -2.809 -2.44 -0.809 1.027 680
"b0_pCap[6]" -2.838 1.356 -4.885 -3.175 -2.794 -2.423 -0.814 1.058 2100
"b0_pCap[7]" -2.806 1.407 -4.743 -3.171 -2.804 -2.434 -0.948 1.026 1400
"b0_pCap[8]" -2.822 1.221 -4.81 -3.166 -2.812 -2.451 -0.834 1.043 920
"b_flow[1]" -0.115 0.047 -0.202 -0.146 -0.115 -0.084 -0.021 1.001 3000
"b_flow[2]" -0.144 0.045 -0.231 -0.174 -0.144 -0.114 -0.057 1.004 650
"b_flow[3]" -0.156 0.044 -0.244 -0.185 -0.156 -0.126 -0.07 1.001 2700
"b_flow[4]" -0.142 0.149 -0.413 -0.192 -0.141 -0.09 0.12 1.006 3000
"b_flow[5]" -0.139 0.16 -0.434 -0.188 -0.137 -0.086 0.123 1.014 3000
"b_flow[6]" -0.141 0.154 -0.429 -0.195 -0.141 -0.088 0.132 1.007 3000
"b_flow[7]" -0.14 0.198 -0.435 -0.189 -0.138 -0.084 0.149 1.037 3000
"b_flow[8]" -0.143 0.188 -0.425 -0.191 -0.139 -0.086 0.128 1.025 3000
"pCap_U[1]" 0.06 0.033 0.019 0.037 0.053 0.076 0.142 1.001 3000
"pCap_U[2]" 0.06 0.032 0.02 0.038 0.053 0.076 0.142 1.001 3000
"pCap_U[3]" 0.06 0.03 0.019 0.038 0.054 0.076 0.136 1.001 3000
"pCap_U[4]" 0.059 0.031 0.018 0.037 0.053 0.074 0.141 1.001 3000
"pCap_U[5]" 0.061 0.032 0.019 0.038 0.054 0.075 0.143 1.001 3000
"pCap_U[6]" 0.037 0.013 0.017 0.029 0.036 0.045 0.067 1.001 3000
"pCap_U[7]" 0.061 0.032 0.019 0.039 0.054 0.075 0.142 1.001 2300
"pCap_U[8]" 0.06 0.032 0.018 0.038 0.054 0.075 0.141 1.002 1400
"pCap_U[9]" 0.059 0.03 0.019 0.038 0.053 0.074 0.137 1.003 820
"pCap_U[10]" 0.055 0.031 0.017 0.034 0.048 0.067 0.136 1.001 3000
"pCap_U[11]" 0.052 0.028 0.016 0.032 0.046 0.064 0.122 1.001 3000
"pCap_U[12]" 0.03 0.009 0.016 0.024 0.029 0.036 0.051 1.001 3000
"pCap_U[13]" 0.043 0.024 0.013 0.026 0.037 0.054 0.102 1.001 3000
"pCap_U[14]" 0.053 0.029 0.016 0.033 0.047 0.067 0.127 1.001 3000
"pCap_U[15]" 0.054 0.028 0.018 0.034 0.048 0.068 0.125 1.002 1900
"pCap_U[16]" 0.055 0.028 0.017 0.035 0.049 0.069 0.123 1.001 3000
"pCap_U[17]" 0.057 0.031 0.018 0.035 0.05 0.072 0.134 1.001 3000
"pCap_U[18]" 0.048 0.026 0.014 0.03 0.043 0.061 0.116 1.001 3000
"pCap_U[19]" 0.04 0.023 0.012 0.024 0.034 0.05 0.098 1.001 3000
"pCap_U[20]" 0.024 0.005 0.016 0.021 0.024 0.027 0.034 1.002 1000
"pCap_U[21]" 0.05 0.028 0.016 0.03 0.044 0.063 0.123 1.001 3000
"pCap_U[22]" 0.054 0.029 0.018 0.034 0.048 0.067 0.134 1.001 3000
"pCap_U[23]" 0.054 0.028 0.017 0.034 0.048 0.067 0.129 1.001 3000
"pCap_U[24]" 0.053 0.029 0.017 0.033 0.047 0.067 0.127 1.001 2600
"pCap_U[25]" 0.053 0.029 0.017 0.033 0.047 0.066 0.122 1.002 1300
"pCap_U[26]" 0.055 0.029 0.018 0.034 0.048 0.069 0.13 1.001 3000
"pCap_U[27]" 0.056 0.03 0.017 0.035 0.049 0.069 0.136 1.002 2000
"pCap_U[28]" 0.055 0.028 0.017 0.034 0.049 0.069 0.126 1.001 3000
"pCap_U[29]" 0.055 0.029 0.017 0.035 0.049 0.069 0.126 1.001 3000
"pCap_U[30]" 0.056 0.03 0.017 0.035 0.05 0.07 0.131 1.001 2000
"pCap_U[31]" 0.057 0.03 0.018 0.036 0.05 0.07 0.129 1.001 3000
"N[1]" 14.575 20.897 0.179 2.718 7.587 17.965 73.06 1.001 2900
"N[2]" 13.094 19.315 0.152 2.394 6.823 16.342 63.72 1.002 1700
"N[3]" 13.921 19.845 0.146 2.504 7.294 16.727 69.076 1.001 2800
"N[4]" 31.258 34.033 1.925 9.803 20.87 40.6 120.415 1.001 2000
"N[5]" 2612.13 2127.942 380.287 1391.75 2112.5 3126.998 7977.446 1.002 1300
"N[6]" 5111.054 2646.704 1385.674 3520.75 4708 6075.25 11552.49 1.001 3000
"N[7]" 1543.707 1230.529 230.085 833.075 1262.5 1862.5 4660.499 1.001 3000
"N[8]" 322.909 268.69 39.163 160 258.65 402.125 1022.025 1.001 3000
"N[9]" 1693.882 1319.123 298.177 931.95 1402 2054.25 4964.399 1.003 900
"N[10]" 9063.332 6422.139 1330.446 5064 7677.499 11240 26107.953 1.001 3000
"N[11]" 8091.67 6100.164 1131.925 4397.75 6605 9854 25851.249 1.002 2200
"N[12]" 17463.17 7196.567 6180.972 12970 16424.999 20559.993 35310.25 1.001 3000
"N[13]" 6094.143 4692.776 848.614 3325 5091.5 7452 18450.5 1.001 2100
"N[14]" 224.169 209.201 28.029 107.1 176.65 273.225 728.01 1.001 3000
"N[15]" 384.395 339.202 52.688 197.975 307.3 466.325 1209 1.001 2100
"N[16]" 32.438 36.39 1.924 10.13 21.3 42.05 127.2 1.001 3000
"N[17]" 50.128 52.091 4.745 18.54 35.6 62.772 182.62 1.001 3000
"N[18]" 60.143 65.269 4.917 20.99 41.125 74.527 222.642 1.001 3000
"N[19]" 16.324 25.91 0.128 2.527 7.906 20.02 77.591 1.003 1200
"N[20]" 127.917 79.719 25.049 70.722 111.1 165.55 324.022 1.001 3000
"N[21]" 33.478 40.005 1.872 9.759 20.69 41.78 140.41 1.002 1500
"N[22]" 73.781 70.426 7.866 31.087 54.045 92.52 255.417 1.002 1500
"N[23]" 141.784 129.581 18.369 66.522 109.25 177.625 441.215 1.001 3000
"N[24]" 483.597 393.289 63.953 248.375 389.75 596.9 1527 1.002 1100
"N[25]" 246.724 231.202 34.859 116.625 190.65 300.1 797.575 1.001 3000
"N[26]" 491.438 398.186 65.586 254.725 395.6 601.45 1542.274 1.002 1500
"N[27]" 287.12 262.745 33.328 140.6 223.25 352 940.909 1.002 1900
"N[28]" 301.655 253.525 42.39 147.8 235.95 375.175 918.839 1.002 1800
"N[29]" 26.896 30.346 1.655 8.16 17.71 33.76 108.925 1.002 1500
"N[30]" 8.889 14.448 0.076 1.075 3.748 10.475 49.221 1.002 1400
"N[31]" 22.386 25.513 1.569 6.382 14.18 28.585 93.259 1.001 2200
"Ntot" 55082.153 12955.713 35109.25 46047.5 53194.998 62082.5 85840.5 1.001 3000
"sd.N" 0.584 1.032 0.125 0.203 0.285 0.431 4.127 1.009 410
"sd.Ne" 2.448 0.474 1.516 2.136 2.42 2.744 3.47 1.002 2200
"deviance" 3516.023 366.041 3164.975 3287 3417 3627.5 4438.075 1.001 3000
