"mean" "sd" "2.5%" "25%" "50%" "75%" "97.5%" "Rhat" "n.eff"
"trib_mu.P" -2.844 1.802 -3.846 -2.993 -2.799 -2.61 -1.899 1.252 2300
"trib_sd.P" 0.737 2.384 0.201 0.338 0.478 0.751 2.507 1.002 1600
"flow_mu.P" -0.139 0.078 -0.277 -0.172 -0.138 -0.104 -0.009 1.013 300
"flow_sd.P" 0.09 0.114 0.022 0.04 0.061 0.098 0.344 1.002 1700
"pro_sd.P" 0.54 0.022 0.497 0.524 0.54 0.555 0.585 1.005 490
"b0_pCap[1]" -2.989 0.052 -3.088 -3.023 -2.99 -2.956 -2.887 1.01 200
"b0_pCap[2]" -3.073 0.04 -3.152 -3.101 -3.073 -3.046 -2.994 1.006 390
"b0_pCap[3]" -2.35 0.047 -2.446 -2.382 -2.349 -2.317 -2.261 1.004 870
"b0_pCap[4]" -2.886 3.728 -4.74 -3.193 -2.809 -2.419 -1.017 1.246 3000
"b0_pCap[5]" -2.78 2.377 -4.714 -3.199 -2.798 -2.433 -0.859 1.215 3000
"b0_pCap[6]" -2.871 2.785 -4.964 -3.195 -2.809 -2.442 -0.944 1.18 2300
"b0_pCap[7]" -2.856 2.593 -4.916 -3.198 -2.802 -2.422 -0.866 1.212 3000
"b0_pCap[8]" -2.82 1.49 -4.741 -3.188 -2.798 -2.426 -0.8 1.116 3000
"b_flow[1]" -0.113 0.049 -0.205 -0.148 -0.115 -0.081 -0.012 1.005 420
"b_flow[2]" -0.143 0.045 -0.233 -0.172 -0.143 -0.113 -0.058 1.006 370
"b_flow[3]" -0.155 0.043 -0.241 -0.182 -0.155 -0.127 -0.074 1.002 1500
"b_flow[4]" -0.137 0.155 -0.41 -0.188 -0.137 -0.083 0.158 1.033 420
"b_flow[5]" -0.139 0.155 -0.429 -0.189 -0.136 -0.083 0.128 1.013 1200
"b_flow[6]" -0.142 0.156 -0.434 -0.195 -0.14 -0.084 0.126 1.01 1800
"b_flow[7]" -0.141 0.155 -0.407 -0.195 -0.142 -0.086 0.13 1.009 360
"b_flow[8]" -0.142 0.161 -0.408 -0.192 -0.14 -0.088 0.102 1.019 860
"pCap_U[1]" 0.06 0.032 0.019 0.038 0.054 0.075 0.141 1.001 2200
"pCap_U[2]" 0.059 0.031 0.019 0.036 0.052 0.074 0.14 1.001 3000
"pCap_U[3]" 0.06 0.032 0.019 0.038 0.052 0.075 0.143 1.001 3000
"pCap_U[4]" 0.06 0.031 0.019 0.037 0.053 0.076 0.138 1.002 1400
"pCap_U[5]" 0.059 0.03 0.019 0.038 0.054 0.075 0.135 1.001 3000
"pCap_U[6]" 0.059 0.031 0.019 0.037 0.051 0.073 0.139 1.001 3000
"pCap_U[7]" 0.06 0.032 0.019 0.037 0.053 0.074 0.139 1.001 3000
"pCap_U[8]" 0.028 0.007 0.017 0.024 0.027 0.032 0.042 1.002 1800
"pCap_U[9]" 0.059 0.031 0.019 0.037 0.052 0.074 0.141 1.002 1300
"pCap_U[10]" 0.028 0.005 0.019 0.024 0.027 0.031 0.038 1.002 1000
"pCap_U[11]" 0.048 0.007 0.036 0.044 0.048 0.052 0.061 1.003 920
"pCap_U[12]" 0.024 0.005 0.017 0.021 0.024 0.027 0.034 1.002 1600
"pCap_U[13]" 0.038 0.004 0.031 0.036 0.038 0.041 0.046 1.001 3000
"pCap_U[14]" 0.048 0.004 0.041 0.045 0.048 0.051 0.056 1.001 3000
"pCap_U[15]" 0.044 0.004 0.037 0.041 0.044 0.046 0.052 1.001 3000
"pCap_U[16]" 0.017 0.004 0.01 0.014 0.016 0.019 0.025 1.001 2700
"pCap_U[17]" 0.061 0.006 0.05 0.057 0.061 0.064 0.072 1.001 2800
"pCap_U[18]" 0.043 0.024 0.013 0.026 0.037 0.054 0.107 1.003 850
"pCap_U[19]" 0.038 0.004 0.031 0.035 0.038 0.04 0.046 1.001 2900
"pCap_U[20]" 0.046 0.004 0.038 0.043 0.046 0.049 0.055 1.001 3000
"pCap_U[21]" 0.039 0.004 0.032 0.036 0.039 0.042 0.047 1.001 3000
"pCap_U[22]" 0.034 0.004 0.027 0.031 0.033 0.036 0.042 1.001 2400
"pCap_U[23]" 0.032 0.004 0.025 0.029 0.032 0.034 0.04 1.004 570
"pCap_U[24]" 0.055 0.029 0.018 0.034 0.049 0.068 0.129 1.001 3000
"pCap_U[25]" 0.054 0.028 0.017 0.034 0.048 0.068 0.123 1.001 3000
"pCap_U[26]" 0.054 0.029 0.016 0.033 0.047 0.067 0.127 1.001 2500
"pCap_U[27]" 0.053 0.029 0.017 0.032 0.047 0.067 0.122 1.001 3000
"pCap_U[28]" 0.049 0.026 0.015 0.03 0.043 0.061 0.115 1.003 770
"pCap_U[29]" 0.053 0.028 0.016 0.033 0.047 0.066 0.124 1.002 1000
"pCap_U[30]" 0.053 0.028 0.017 0.033 0.047 0.066 0.124 1.001 3000
"pCap_U[31]" 0.054 0.029 0.017 0.033 0.048 0.069 0.129 1.001 3000
"N[1]" 927.129 942.219 30.76 221.2 569.3 1366.248 3431.025 1.001 3000
"N[2]" 2.257 5.013 0 0.083 0.518 2.169 14.825 1.001 3000
"N[3]" 1.702 3.737 0.001 0.091 0.443 1.677 10.692 1.001 3000
"N[4]" 2.608 4.81 0.006 0.206 0.889 2.826 15.231 1.001 3000
"N[5]" 5.619 9.197 0.068 0.889 2.609 6.779 27.67 1.001 3000
"N[6]" 12.376 14.367 0.51 3.38 7.698 15.95 51.461 1.001 3000
"N[7]" 88.691 73.803 12.119 42.675 69.52 110.85 282.152 1.001 3000
"N[8]" 2232.652 872.221 956.597 1707 2082.5 2565.25 4350.275 1.002 1500
"N[9]" 561.233 447.961 91.83 298.175 462.6 675.225 1637.299 1.002 1600
"N[10]" 4116.648 1122.567 2259.548 3414.75 3978.5 4655.25 6687.424 1.003 990
"N[11]" 3879.586 824.57 2362.95 3380 3817 4302 5773.05 1.001 3000
"N[12]" 5854.313 1685.689 3070.85 4813 5666.5 6657.5 9852.476 1.002 1400
"N[13]" 5502.99 836.265 4007.95 4966.75 5437 5999.5 7243.025 1.003 760
"N[14]" 197.152 63.106 92.186 151.9 191.1 234.225 336.805 1.004 500
"N[15]" 144.431 57.635 54.891 103.1 137.2 175.85 281.815 1.001 3000
"N[16]" 1334.452 511.087 578.997 1004 1258.5 1577 2594.025 1.002 1600
"N[17]" 332.645 83.055 191.095 274.475 325.45 380.55 519.12 1.001 2800
"N[18]" 665.508 555.285 88.281 337.075 531.8 823.025 2096.1 1.002 1500
"N[19]" 283.24 93.436 135.097 215.375 270.4 336.7 496.277 1.001 3000
"N[20]" 55.163 31.743 12.916 31.662 49.005 72.19 131.927 1.001 2300
"N[21]" 40.485 28.205 5.804 20.557 33.69 53.83 112.625 1.001 3000
"N[22]" 84.722 45.636 23.21 51.667 75.785 108.325 195 1.001 3000
"N[23]" 88.215 49.846 21.41 51.47 78.365 114.5 206.302 1.001 3000
"N[24]" 53.294 46.555 7.045 23.31 40.835 68.772 170.82 1.002 1000
"N[25]" 177.879 155.078 27.396 90.217 139.25 218.4 554.512 1.001 3000
"N[26]" 61.818 59.941 7.776 26.827 46.99 77.832 198.432 1.002 1100
"N[27]" 402.323 317.484 57.81 211.6 328.55 496.075 1187.594 1.001 3000
"N[28]" 185.885 149.001 28.147 90.365 147.65 236.55 566.867 1.001 3000
"N[29]" 146.665 119.384 20.032 74.09 116.85 182.85 463.244 1.001 3000
"N[30]" 90.116 74.947 13.629 42.815 70.745 115.6 276 1.001 3000
"N[31]" 2.829 7.615 0 0.006 0.177 1.856 23.647 1.008 850
"Ntot" 27534.68 2886.692 22529.75 25490 27295 29310 33900.5 1.001 2100
"sd.N" 5.141 2.104 2.289 3.655 4.721 6.172 10.251 1.001 3000
"sd.Ne" 1.172 0.244 0.78 1.004 1.141 1.308 1.743 1.001 3000
"deviance" 3134.075 48.707 3053.975 3101 3130 3161 3243 1.001 3000
