"mean" "sd" "2.5%" "25%" "50%" "75%" "97.5%" "Rhat" "n.eff"
"trib_mu.P" -2.779 0.686 -3.72 -2.991 -2.795 -2.604 -1.819 1.012 1600
"trib_sd.P" 0.704 0.997 0.2 0.341 0.484 0.735 2.369 1.002 2200
"flow_mu.P" -0.136 0.107 -0.277 -0.171 -0.139 -0.106 0.004 1.044 2100
"flow_sd.P" 0.094 0.132 0.021 0.04 0.06 0.102 0.346 1.001 2200
"pro_sd.P" 0.539 0.021 0.499 0.525 0.539 0.554 0.585 1.001 3000
"b0_pCap[1]" -2.993 0.052 -3.097 -3.027 -2.992 -2.958 -2.892 1.002 1700
"b0_pCap[2]" -3.073 0.042 -3.152 -3.101 -3.074 -3.044 -2.989 1.01 220
"b0_pCap[3]" -2.347 0.048 -2.441 -2.379 -2.348 -2.314 -2.253 1.006 340
"b0_pCap[4]" -2.79 1.275 -4.799 -3.174 -2.815 -2.438 -0.963 1.024 1700
"b0_pCap[5]" -2.762 1.326 -4.678 -3.149 -2.773 -2.388 -0.798 1.008 3000
"b0_pCap[6]" -2.794 1.369 -4.905 -3.18 -2.799 -2.439 -0.861 1.022 1600
"b0_pCap[7]" -2.772 1.589 -4.796 -3.139 -2.785 -2.413 -0.866 1.087 3000
"b0_pCap[8]" -2.779 1.393 -4.601 -3.181 -2.819 -2.422 -0.803 1.076 1000
"b_flow[1]" -0.116 0.047 -0.204 -0.146 -0.118 -0.086 -0.018 1.007 320
"b_flow[2]" -0.144 0.044 -0.232 -0.174 -0.143 -0.115 -0.056 1.001 2200
"b_flow[3]" -0.155 0.043 -0.242 -0.184 -0.154 -0.126 -0.075 1.002 1400
"b_flow[4]" -0.137 0.182 -0.406 -0.193 -0.14 -0.087 0.165 1.024 2100
"b_flow[5]" -0.136 0.197 -0.418 -0.191 -0.14 -0.085 0.155 1.085 2200
"b_flow[6]" -0.136 0.214 -0.404 -0.192 -0.138 -0.086 0.176 1.071 1400
"b_flow[7]" -0.139 0.189 -0.438 -0.194 -0.14 -0.087 0.128 1.041 1700
"b_flow[8]" -0.139 0.179 -0.426 -0.191 -0.137 -0.085 0.141 1.004 3000
"pCap_U[1]" 0.061 0.033 0.019 0.038 0.054 0.075 0.147 1.004 640
"pCap_U[2]" 0.06 0.032 0.019 0.038 0.053 0.076 0.14 1.001 2200
"pCap_U[3]" 0.06 0.031 0.019 0.038 0.054 0.074 0.14 1.003 1200
"pCap_U[4]" 0.061 0.032 0.02 0.038 0.053 0.077 0.141 1.001 2800
"pCap_U[5]" 0.061 0.032 0.02 0.038 0.054 0.075 0.142 1.001 3000
"pCap_U[6]" 0.058 0.031 0.018 0.036 0.052 0.073 0.137 1.001 2700
"pCap_U[7]" 0.057 0.029 0.018 0.036 0.05 0.071 0.129 1.002 1500
"pCap_U[8]" 0.054 0.029 0.017 0.034 0.048 0.068 0.126 1.001 3000
"pCap_U[9]" 0.054 0.03 0.017 0.033 0.047 0.066 0.13 1.001 2900
"pCap_U[10]" 0.022 0.005 0.013 0.019 0.022 0.025 0.034 1.001 3000
"pCap_U[11]" 0.042 0.007 0.029 0.037 0.042 0.047 0.058 1.001 3000
"pCap_U[12]" 0.022 0.006 0.012 0.018 0.021 0.025 0.035 1.001 2100
"pCap_U[13]" 0.017 0.004 0.01 0.014 0.017 0.02 0.026 1.002 1200
"pCap_U[14]" 0.039 0.006 0.028 0.035 0.039 0.043 0.053 1.001 3000
"pCap_U[15]" 0.039 0.006 0.027 0.034 0.038 0.043 0.053 1.001 3000
"pCap_U[16]" 0.036 0.006 0.024 0.031 0.035 0.04 0.049 1.001 3000
"pCap_U[17]" 0.019 0.004 0.011 0.015 0.018 0.021 0.028 1.001 3000
"pCap_U[18]" 0.027 0.006 0.018 0.023 0.027 0.031 0.039 1.001 3000
"pCap_U[19]" 0.018 0.005 0.009 0.014 0.017 0.021 0.029 1.002 1200
"pCap_U[20]" 0.035 0.014 0.015 0.025 0.033 0.043 0.068 1.002 1000
"pCap_U[21]" 0.012 0.005 0.005 0.009 0.011 0.015 0.023 1.002 1600
"pCap_U[22]" 0.081 0.01 0.061 0.074 0.08 0.088 0.101 1.001 3000
"pCap_U[23]" 0.077 0.01 0.057 0.069 0.076 0.083 0.098 1.001 3000
"pCap_U[24]" 0.092 0.012 0.07 0.083 0.091 0.099 0.116 1.001 3000
"pCap_U[25]" 0.056 0.013 0.035 0.047 0.055 0.064 0.083 1.002 1300
"pCap_U[26]" 0.065 0.019 0.035 0.052 0.064 0.077 0.107 1.002 1300
"pCap_U[27]" 0.048 0.014 0.026 0.038 0.047 0.056 0.079 1.001 3000
"pCap_U[28]" 0.038 0.014 0.017 0.028 0.035 0.046 0.071 1.001 3000
"pCap_U[29]" 0.037 0.021 0.011 0.023 0.032 0.046 0.091 1.002 1300
"pCap_U[30]" 0.049 0.026 0.015 0.03 0.043 0.061 0.115 1.001 3000
"pCap_U[31]" 0.05 0.027 0.016 0.031 0.043 0.063 0.118 1.001 3000
"N[1]" 22.358 25.78 0.738 6.364 14 28.877 94.399 1.003 810
"N[2]" 180.122 150.349 24.666 88.147 142.25 223.625 566.705 1.002 2000
"N[3]" 219.094 182.772 29.619 106.1 171.15 271 698.42 1.002 1500
"N[4]" 2948.097 2446.228 460.377 1563.75 2418.5 3649.75 8820.4 1.003 2800
"N[5]" 2828.801 2227.541 451.877 1519.75 2350.5 3478.25 8235.88 1.001 3000
"N[6]" 2102.287 1774.304 294.965 1105 1694 2507.999 6876.285 1.002 3000
"N[7]" 139.456 127.307 18.489 66.355 108.7 174.5 437.407 1.002 1700
"N[8]" 38.732 42.014 2.605 13.46 26.88 49.82 140.425 1.001 3000
"N[9]" 744.783 625.005 105.165 380.925 609.5 899.875 2255.2 1.001 2300
"N[10]" 193.003 113.737 49.469 114.5 171.1 245.9 459.407 1.003 790
"N[11]" 79.636 47.61 17.69 46.265 69.875 102.5 200.002 1.001 3000
"N[12]" 108.633 77.878 15.759 52.872 90.785 143.025 311.64 1.001 3000
"N[13]" 2377.19 919.75 1029.9 1795 2228 2769.25 4725.374 1.002 1500
"N[14]" 516.596 172.734 244.697 400.675 493.3 605.8 921.212 1.002 1500
"N[15]" 37.726 31.051 3.688 16.377 29.815 49.672 116.802 1.001 3000
"N[16]" 39.558 31.315 3.486 16.987 31.71 53.362 126.405 1.001 3000
"N[17]" 28.146 34.183 0.66 6.508 17 37.28 125.707 1.001 2100
"N[18]" 255.194 122.827 84.325 170.3 234.6 316.95 528.44 1.002 1500
"N[19]" 115.769 92.077 15.329 54.312 91.765 147.875 360.412 1.003 920
"N[20]" 41.044 42.124 3.065 13.97 28.41 53.65 157.602 1.001 2300
"N[21]" 1839.947 1163.747 367.355 1105.75 1606 2253 4993.623 1.001 3000
"N[22]" 146.528 48.376 71.572 112.7 141.2 174.025 257.307 1.001 3000
"N[23]" 39.085 22.282 9.571 23.075 34.38 49.925 92.083 1.001 2400
"N[24]" 73.465 29.303 28.378 52.24 69.56 89.427 140.21 1.001 2600
"N[25]" 8.201 10.633 0.148 1.667 4.721 10.735 35.321 1.003 1400
"N[26]" 6.908 9.622 0.104 1.292 3.591 8.943 30.987 1.005 530
"N[27]" 37.573 29.794 4.95 16.575 29.67 49.77 121.81 1.001 2600
"N[28]" 7.597 12.369 0.07 0.958 3.133 8.882 40.444 1.003 670
"N[29]" 6.533 11.887 0.032 0.751 2.448 7.046 37.258 1.003 880
"N[30]" 4.435 8.252 0.015 0.372 1.406 4.553 27.88 1.006 420
"N[31]" 2.65 6.473 0.001 0.087 0.493 2.217 20.511 1.014 360
"Ntot" 15189.182 4136.919 9585.525 12450 14450 16900 25500.75 1.001 3000
"sd.N" 0.359 0.256 0.12 0.203 0.287 0.423 1.033 1.007 640
"sd.Ne" 1.861 0.339 1.315 1.618 1.825 2.055 2.655 1.002 2000
"deviance" 3191.132 131.04 3053 3112 3156 3229 3554 1.002 1300
