"mean" "sd" "2.5%" "25%" "50%" "75%" "97.5%" "Rhat" "n.eff"
"trib_mu.P" -2.784 0.766 -3.762 -3.002 -2.806 -2.614 -1.785 1.045 3000
"trib_sd.P" 0.716 1.294 0.201 0.337 0.477 0.76 2.502 1.001 3000
"flow_mu.P" -0.141 0.092 -0.283 -0.172 -0.14 -0.106 -0.007 1.015 3000
"flow_sd.P" 0.093 0.27 0.021 0.04 0.059 0.097 0.317 1.001 3000
"pro_sd.P" 0.539 0.021 0.501 0.524 0.538 0.554 0.584 1.001 3000
"b0_pCap[1]" -2.99 0.052 -3.092 -3.023 -2.99 -2.955 -2.889 1.006 360
"b0_pCap[2]" -3.073 0.041 -3.156 -3.101 -3.073 -3.046 -2.993 1.002 1500
"b0_pCap[3]" -2.352 0.048 -2.445 -2.384 -2.352 -2.32 -2.257 1.006 360
"b0_pCap[4]" -2.821 1.467 -4.92 -3.189 -2.809 -2.433 -0.905 1.021 2500
"b0_pCap[5]" -2.788 1.332 -4.849 -3.202 -2.806 -2.433 -0.711 1.022 3000
"b0_pCap[6]" -2.758 1.793 -4.815 -3.171 -2.812 -2.428 -0.746 1.109 3000
"b0_pCap[7]" -2.768 1.635 -4.63 -3.181 -2.813 -2.433 -0.786 1.066 3000
"b0_pCap[8]" -2.808 2.277 -4.838 -3.203 -2.824 -2.454 -0.988 1.211 3000
"b_flow[1]" -0.115 0.048 -0.205 -0.146 -0.117 -0.083 -0.018 1.002 2000
"b_flow[2]" -0.145 0.044 -0.233 -0.172 -0.144 -0.115 -0.061 1.001 3000
"b_flow[3]" -0.156 0.043 -0.24 -0.185 -0.155 -0.126 -0.076 1.005 490
"b_flow[4]" -0.141 0.171 -0.405 -0.19 -0.138 -0.088 0.123 1.005 3000
"b_flow[5]" -0.145 0.361 -0.407 -0.188 -0.136 -0.088 0.115 1.219 2100
"b_flow[6]" -0.136 0.262 -0.427 -0.193 -0.14 -0.088 0.128 1.111 2500
"b_flow[7]" -0.147 0.23 -0.418 -0.193 -0.141 -0.09 0.121 1.087 2700
"b_flow[8]" -0.14 0.189 -0.401 -0.192 -0.137 -0.088 0.112 1.024 3000
"pCap_U[1]" 0.116 0.056 0.04 0.076 0.106 0.143 0.258 1.001 2300
"pCap_U[2]" 0.116 0.055 0.037 0.076 0.105 0.145 0.253 1.001 2500
"pCap_U[3]" 0.119 0.058 0.039 0.078 0.109 0.15 0.263 1.001 3000
"pCap_U[4]" 0.118 0.058 0.041 0.077 0.106 0.146 0.266 1.001 3000
"pCap_U[5]" 0.118 0.057 0.039 0.078 0.107 0.148 0.261 1.001 3000
"pCap_U[6]" 0.115 0.055 0.04 0.076 0.105 0.143 0.254 1.001 2500
"pCap_U[7]" 0.109 0.054 0.036 0.07 0.098 0.136 0.236 1.002 1900
"pCap_U[8]" 0.103 0.05 0.034 0.067 0.094 0.129 0.228 1.003 880
"pCap_U[9]" 0.103 0.052 0.035 0.066 0.093 0.13 0.233 1.001 3000
"pCap_U[10]" 0.028 0.006 0.018 0.024 0.028 0.032 0.04 1.001 2000
"pCap_U[11]" 0.038 0.006 0.027 0.034 0.038 0.042 0.051 1.002 1800
"pCap_U[12]" 0.063 0.011 0.044 0.055 0.062 0.07 0.085 1 3000
"pCap_U[13]" 0.032 0.006 0.022 0.028 0.032 0.036 0.045 1.001 2400
"pCap_U[14]" 0.046 0.007 0.034 0.041 0.045 0.05 0.059 1.001 3000
"pCap_U[15]" 0.052 0.007 0.039 0.047 0.052 0.057 0.067 1.001 3000
"pCap_U[16]" 0.117 0.011 0.095 0.109 0.116 0.125 0.14 1.001 3000
"pCap_U[17]" 0.127 0.012 0.106 0.12 0.127 0.135 0.152 1.001 3000
"pCap_U[18]" 0.083 0.009 0.066 0.076 0.083 0.089 0.103 1.001 3000
"pCap_U[19]" 0.09 0.013 0.067 0.082 0.09 0.099 0.118 1.001 3000
"pCap_U[20]" 0.1 0.026 0.056 0.081 0.098 0.116 0.155 1.001 3000
"pCap_U[21]" 0.077 0.013 0.054 0.068 0.076 0.085 0.103 1.002 1400
"pCap_U[22]" 0.12 0.013 0.096 0.111 0.12 0.128 0.146 1.001 3000
"pCap_U[23]" 0.105 0.013 0.082 0.096 0.105 0.114 0.131 1.001 2100
"pCap_U[24]" 0.117 0.014 0.091 0.107 0.116 0.126 0.147 1.001 3000
"pCap_U[25]" 0.12 0.016 0.09 0.109 0.119 0.131 0.155 1.001 3000
"pCap_U[26]" 0.191 0.042 0.117 0.161 0.187 0.219 0.281 1.001 3000
"pCap_U[27]" 0.087 0.022 0.05 0.071 0.085 0.1 0.138 1.002 1700
"pCap_U[28]" 0.184 0.034 0.122 0.16 0.182 0.206 0.254 1.001 2800
"pCap_U[29]" 0.072 0.038 0.022 0.045 0.063 0.089 0.169 1.001 3000
"pCap_U[30]" 0.092 0.045 0.03 0.059 0.084 0.115 0.203 1.001 3000
"pCap_U[31]" 0.098 0.05 0.032 0.063 0.088 0.122 0.222 1.001 3000
"N[1]" 13.824 14.479 0.743 4.695 9.794 18.11 48.561 1.002 1600
"N[2]" 25.139 23.966 2.681 10.197 18.34 32.242 83.88 1.002 1800
"N[3]" 225.114 172.828 44.884 121.8 181.95 272.525 671.17 1.002 1600
"N[4]" 2105.97 1424.577 414.154 1199.75 1803 2597.25 5794.424 1.001 3000
"N[5]" 3831.857 2820.041 735.765 2213.5 3186 4600 11450.998 1.001 3000
"N[6]" 5190.291 3879.195 1019.774 2977 4259 6164.5 15262.989 1.001 3000
"N[7]" 8159.328 5953.141 1519.674 4539 6739.498 9816 24723.739 1.001 2000
"N[8]" 8305.726 6128.002 1598.95 4703 6957 9942.25 24630.5 1.002 1700
"N[9]" 4433.779 3277.123 834.072 2476.999 3709.5 5380.75 13211.248 1.001 3000
"N[10]" 2506.191 852.111 1236.774 1971 2385 2899.5 4469 1.001 2100
"N[11]" 598.948 188.822 297.95 472.5 573.65 700.725 1037.05 1.002 1600
"N[12]" 82.396 40.31 25.869 52.857 75.335 104.025 179.615 1.001 3000
"N[13]" 4662.049 1320.326 2496.875 3856.75 4506 5251 7810 1.001 3000
"N[14]" 1917.532 456.18 1115.925 1619.75 1873 2158.25 2961.1 1.001 3000
"N[15]" 91.244 43.08 28.855 59.732 84.39 114 196.202 1.001 2300
"N[16]" 149.844 39.146 85.381 121.975 145.8 173.05 237.625 1.003 740
"N[17]" 75.765 24.534 35.326 58.7 73.06 89.347 132.707 1.001 3000
"N[18]" 221.339 60.235 123.2 181 214.3 256.3 358.5 1.001 3000
"N[19]" 214.733 64.568 114.595 170.875 206.5 249.25 366.907 1.003 770
"N[20]" 403.956 167.167 155.597 295.075 378.1 478.975 800.72 1.001 3000
"N[21]" 251.844 81.438 121.89 196.675 241.4 295.025 446.21 1.002 1900
"N[22]" 117.718 34.087 62.946 93.11 113.7 136.7 194.635 1.001 3000
"N[23]" 106.025 35.123 50.879 80.707 102 126.1 187.45 1.001 3000
"N[24]" 38.523 18.033 12.419 25.39 35.45 47.942 80.774 1.001 3000
"N[25]" 76.759 28.119 32.818 56.297 72.7 92.85 141.702 1.001 3000
"N[26]" 45.632 20.664 17.29 31.27 41.785 54.89 97.074 1.001 3000
"N[27]" 106.311 50.818 33.999 71.43 97.215 130 226.51 1.001 3000
"N[28]" 46.248 18.671 18.439 33.41 43.55 56.3 90.264 1.001 3000
"N[29]" 206.852 165.834 32.636 104.375 166.95 255.9 642.195 1.002 1200
"N[30]" 63.622 50.512 11.159 31.25 49.3 79.677 200.71 1.001 2800
"N[31]" 5.491 8.39 0.049 0.902 2.683 6.759 27.128 1.001 3000
"Ntot" 44280.08 10629.383 28977.997 37010 42460 49372.5 70440.75 1.001 3000
"sd.N" 0.592 0.547 0.153 0.297 0.446 0.674 2.107 1.003 770
"sd.Ne" 1.58 0.299 1.058 1.373 1.553 1.758 2.235 1.004 610
"deviance" 3828.931 640.162 3199 3400.75 3639 4053.25 5565.649 1.001 2500
