"mean" "sd" "2.5%" "25%" "50%" "75%" "97.5%" "Rhat" "n.eff"
"trib_mu.P" -3.195 0.355 -3.916 -3.42 -3.195 -2.967 -2.493 1.002 1800
"trib_sd.P" 1.074 0.29 0.673 0.874 1.02 1.217 1.798 1.002 1300
"flow_mu.P" -0.371 0.235 -0.878 -0.498 -0.359 -0.233 0.08 1.001 3000
"flow_sd.P" 0.663 0.252 0.29 0.49 0.623 0.798 1.258 1.003 680
"pro_sd.P" 0.665 0.018 0.632 0.653 0.665 0.677 0.702 1.001 3000
"b0_pCap[1]" -3.006 0.062 -3.122 -3.049 -3.006 -2.965 -2.883 1.013 180
"b0_pCap[2]" -3.233 1.139 -5.549 -3.913 -3.219 -2.518 -1.003 1.001 3000
"b0_pCap[3]" -1.606 0.213 -2.016 -1.754 -1.606 -1.456 -1.195 1.001 3000
"b0_pCap[4]" -3.087 0.049 -3.183 -3.12 -3.085 -3.053 -2.994 1.003 1300
"b0_pCap[5]" -2.348 0.063 -2.469 -2.391 -2.349 -2.304 -2.223 1.018 120
"b0_pCap[6]" -3.194 1.161 -5.52 -3.921 -3.191 -2.456 -0.873 1.001 3000
"b0_pCap[7]" -3.196 1.17 -5.536 -3.901 -3.187 -2.457 -0.917 1.001 3000
"b0_pCap[8]" -4.517 0.183 -4.883 -4.638 -4.517 -4.393 -4.158 1.001 3000
"b0_pCap[9]" -3.856 0.053 -3.964 -3.891 -3.855 -3.819 -3.754 1.008 300
"b0_pCap[10]" -3.853 0.127 -4.1 -3.943 -3.855 -3.768 -3.595 1.011 200
"b0_pCap[11]" -3.62 0.064 -3.748 -3.663 -3.619 -3.578 -3.496 1.004 580
"b0_pCap[12]" -1.917 0.065 -2.046 -1.962 -1.918 -1.872 -1.795 1.015 140
"b0_pCap[13]" -4.125 0.176 -4.486 -4.239 -4.127 -4.008 -3.79 1.011 220
"b0_pCap[14]" -3.191 1.185 -5.475 -3.914 -3.216 -2.467 -0.698 1.003 720
"b0_pCap[15]" -3.155 1.176 -5.414 -3.919 -3.159 -2.449 -0.731 1.002 1800
"b0_pCap[16]" -3.191 1.182 -5.558 -3.934 -3.168 -2.452 -0.855 1.001 3000
"b_flow[1]" -0.099 0.066 -0.227 -0.144 -0.098 -0.055 0.032 1.001 3000
"b_flow[2]" -0.372 0.731 -1.94 -0.761 -0.357 0.054 1.04 1.002 1200
"b_flow[3]" 0.203 0.235 -0.234 0.04 0.196 0.359 0.675 1.004 660
"b_flow[4]" -0.151 0.061 -0.272 -0.193 -0.15 -0.111 -0.035 1.006 380
"b_flow[5]" -0.178 0.062 -0.297 -0.22 -0.177 -0.135 -0.054 1.009 280
"b_flow[6]" -0.365 0.761 -1.888 -0.775 -0.355 0.07 1.17 1.001 3000
"b_flow[7]" -0.376 0.75 -2.023 -0.794 -0.372 0.05 1.125 1.001 3000
"b_flow[8]" 0.138 0.19 -0.223 0.011 0.136 0.264 0.514 1.001 3000
"b_flow[9]" -0.308 0.061 -0.432 -0.348 -0.306 -0.267 -0.191 1.001 3000
"b_flow[10]" -0.738 0.135 -1.004 -0.828 -0.737 -0.646 -0.476 1.003 850
"b_flow[11]" -0.207 0.096 -0.434 -0.258 -0.191 -0.136 -0.068 1.001 3000
"b_flow[12]" -0.543 0.08 -0.706 -0.598 -0.541 -0.486 -0.395 1.018 120
"b_flow[13]" -1.834 0.533 -2.956 -2.168 -1.817 -1.467 -0.852 1.003 680
"b_flow[14]" -0.378 0.722 -1.853 -0.792 -0.381 0.068 1.036 1.001 3000
"b_flow[15]" -0.367 0.743 -1.873 -0.78 -0.363 0.054 1.173 1.001 3000
"b_flow[16]" -0.37 0.736 -1.884 -0.8 -0.357 0.067 1.03 1.001 2000
"pCap_U[1]" 0.035 0.024 0.008 0.018 0.028 0.044 0.098 1.001 2300
"pCap_U[2]" 0.034 0.024 0.008 0.018 0.028 0.044 0.096 1.004 610
"pCap_U[3]" 0.034 0.024 0.008 0.018 0.028 0.044 0.097 1.003 940
"pCap_U[4]" 0.035 0.024 0.008 0.019 0.029 0.045 0.097 1.001 3000
"pCap_U[5]" 0.036 0.024 0.008 0.019 0.029 0.045 0.099 1.001 3000
"pCap_U[6]" 0.036 0.024 0.008 0.019 0.029 0.045 0.103 1.001 2500
"pCap_U[7]" 0.036 0.025 0.008 0.019 0.029 0.046 0.104 1.001 2300
"pCap_U[8]" 0.035 0.024 0.008 0.018 0.028 0.044 0.097 1.001 2500
"pCap_U[9]" 0.036 0.026 0.008 0.019 0.029 0.045 0.102 1.001 3000
"pCap_U[10]" 0.04 0.008 0.025 0.034 0.039 0.045 0.058 1.001 3000
"pCap_U[11]" 0.025 0.004 0.018 0.022 0.025 0.028 0.034 1.004 600
"pCap_U[12]" 0.011 0.003 0.007 0.009 0.011 0.013 0.017 1.001 3000
"pCap_U[13]" 0.046 0.004 0.039 0.043 0.046 0.049 0.053 1.001 3000
"pCap_U[14]" 0.047 0.004 0.04 0.045 0.047 0.05 0.055 1.001 3000
"pCap_U[15]" 0.047 0.004 0.04 0.045 0.047 0.049 0.054 1.002 1400
"pCap_U[16]" 0.028 0.004 0.021 0.025 0.027 0.03 0.035 1.001 2300
"pCap_U[17]" 0.054 0.005 0.045 0.051 0.054 0.057 0.064 1.001 3000
"pCap_U[18]" 0.036 0.025 0.008 0.018 0.029 0.045 0.097 1.001 2600
"pCap_U[19]" 0.034 0.025 0.007 0.018 0.028 0.043 0.098 1.001 3000
"pCap_U[20]" 0.034 0.024 0.008 0.018 0.028 0.043 0.091 1.001 3000
"pCap_U[21]" 0.032 0.022 0.008 0.017 0.027 0.041 0.087 1.001 2800
"pCap_U[22]" 0.029 0.02 0.006 0.015 0.024 0.036 0.081 1.001 3000
"pCap_U[23]" 0.014 0.012 0.002 0.006 0.011 0.018 0.047 1.001 3000
"pCap_U[24]" 0.024 0.018 0.005 0.012 0.019 0.03 0.072 1.002 1800
"pCap_U[25]" 0.029 0.019 0.007 0.016 0.024 0.038 0.078 1.001 3000
"pCap_U[26]" 0.031 0.022 0.007 0.016 0.025 0.039 0.092 1.002 1000
"pCap_U[27]" 0.029 0.021 0.007 0.015 0.024 0.037 0.082 1.001 3000
"pCap_U[28]" 0.028 0.02 0.007 0.015 0.023 0.036 0.082 1.001 3000
"pCap_U[29]" 0.025 0.018 0.006 0.013 0.02 0.032 0.074 1.001 3000
"pCap_U[30]" 0.028 0.019 0.006 0.015 0.023 0.035 0.077 1.002 1600
"pCap_U[31]" 0.028 0.021 0.006 0.015 0.023 0.036 0.083 1.001 3000
"N[1]" 883.571 976.35 8.557 146.075 480.45 1294 3551.025 1.001 2600
"N[2]" 591.404 823.717 4.201 68.327 237.25 732.45 3129.25 1.001 3000
"N[3]" 505.043 765.588 3.049 46.28 170.95 608.925 2975.399 1.001 2200
"N[4]" 979.766 2880.133 2.748 39.802 163.05 592.8 8143.45 1.002 1200
"N[5]" 734.604 825.725 61.059 310.375 547.65 895.775 2664.299 1.001 3000
"N[6]" 131.736 161.345 8.673 46.235 87.215 158.125 545.01 1.001 3000
"N[7]" 53.802 65.057 2.728 15.067 33.325 67.9 233.615 1.001 2100
"N[8]" 25.628 35.688 0.302 5.178 13.785 32.05 124.317 1.002 3000
"N[9]" 24.326 32.687 0.301 4.803 12.91 30.525 113.902 1.006 1100
"N[10]" 36.495 30.162 3.598 15.427 28.19 48.712 117.725 1.001 3000
"N[11]" 23.972 26.296 0.452 5.962 15.11 32.34 96.407 1.001 3000
"N[12]" 2060.702 830.421 819.302 1513.75 1942 2454 3993.524 1.002 1100
"N[13]" 598.063 130.362 369.195 505.3 588.4 678.925 880.355 1.001 2100
"N[14]" 47.243 30.108 8.782 25.497 40.89 61.142 121.62 1.003 780
"N[15]" 185.1 63.786 85.031 138.7 176 222.425 333.407 1.004 580
"N[16]" 246.843 105.822 87.238 169.8 231.45 307.7 496.402 1.001 3000
"N[17]" 233.428 69.301 120.195 182.875 226.4 275.7 390.002 1.001 3000
"N[18]" 120.677 143.42 10.059 41.975 80.065 148.925 483.014 1.001 3000
"N[19]" 121.635 163.866 8.399 41.032 77.105 144.525 491.277 1.001 3000
"N[20]" 191.879 206.094 15.508 75.162 134.65 235.3 726.87 1.001 3000
"N[21]" 11.799 18.971 0.061 1.608 5.422 14.167 62.691 1.001 3000
"N[22]" 10.545 18.93 0.06 1.263 4.436 11.77 60.773 1.002 2600
"N[23]" 12.261 27.833 0.032 0.918 3.458 11.842 72.168 1.007 540
"N[24]" 7.762 16.974 0.01 0.507 2.198 7.316 51.674 1.018 260
"N[25]" 5.418 13.563 0.003 0.291 1.352 4.807 35.443 1.047 76
"N[26]" 4.674 12.994 0 0.155 0.973 4.002 31.883 1.067 75
"N[27]" 3.162 7.888 0 0.077 0.592 2.743 23.522 1.082 56
"N[28]" 2.673 7.527 0 0.039 0.353 1.9 22.292 1.098 45
"N[29]" 2.236 8.914 0 0.015 0.209 1.317 15.241 1.093 53
"N[30]" 1.534 5.504 0 0.005 0.095 0.69 14.035 1.101 44
"N[31]" 0.777 4.12 0 0 0.011 0.186 6.472 1.094 47
"Ntot" 7858.729 3631.897 4034.85 5780.5 7071.498 8927.5 16262.493 1.001 2300
"sd.N" 0.818 0.901 0.139 0.262 0.478 1.034 3.229 1.047 60
"sd.Ne" 1.848 0.494 1.083 1.498 1.779 2.118 3.019 1.004 640
"deviance" 6037.628 53.069 5942.975 6003 6036 6068 6137 1.003 3000
